Classic Timing Analyzer report for Mux_1_2_5bit
Tue Oct 14 23:52:25 2014
Quartus II Version 9.1 Build 222 10/21/2009 SJ Web Edition


---------------------
; Table of Contents ;
---------------------
  1. Legal Notice
  2. Timing Analyzer Summary
  3. Timing Analyzer Settings
  4. Parallel Compilation
  5. tpd
  6. Timing Analyzer Messages



----------------
; Legal Notice ;
----------------
Copyright (C) 1991-2009 Altera Corporation
Your use of Altera Corporation's design tools, logic functions 
and other software and tools, and its AMPP partner logic 
functions, and any output files from any of the foregoing 
(including device programming or simulation files), and any 
associated documentation or information are expressly subject 
to the terms and conditions of the Altera Program License 
Subscription Agreement, Altera MegaCore Function License 
Agreement, or other applicable license agreement, including, 
without limitation, that your use is for the sole purpose of 
programming logic devices manufactured by Altera and sold by 
Altera or its authorized distributors.  Please refer to the 
applicable agreement for further details.



+--------------------------------------------------------------------------------------------------------------------------------+
; Timing Analyzer Summary                                                                                                        ;
+------------------------------+-------+---------------+-------------+--------+-----------+------------+----------+--------------+
; Type                         ; Slack ; Required Time ; Actual Time ; From   ; To        ; From Clock ; To Clock ; Failed Paths ;
+------------------------------+-------+---------------+-------------+--------+-----------+------------+----------+--------------+
; Worst-case tpd               ; N/A   ; None          ; 13.964 ns   ; InB[4] ; Output[4] ; --         ; --       ; 0            ;
; Total number of failed paths ;       ;               ;             ;        ;           ;            ;          ; 0            ;
+------------------------------+-------+---------------+-------------+--------+-----------+------------+----------+--------------+


+-----------------------------------------------------------------------------------------------------------------------------------------------------+
; Timing Analyzer Settings                                                                                                                            ;
+------------------------------------------------------------------------------------------------------+--------------------+------+----+-------------+
; Option                                                                                               ; Setting            ; From ; To ; Entity Name ;
+------------------------------------------------------------------------------------------------------+--------------------+------+----+-------------+
; Device Name                                                                                          ; EP2C20F484C7       ;      ;    ;             ;
; Timing Models                                                                                        ; Final              ;      ;    ;             ;
; Default hold multicycle                                                                              ; Same as Multicycle ;      ;    ;             ;
; Cut paths between unrelated clock domains                                                            ; On                 ;      ;    ;             ;
; Cut off read during write signal paths                                                               ; On                 ;      ;    ;             ;
; Cut off feedback from I/O pins                                                                       ; On                 ;      ;    ;             ;
; Report Combined Fast/Slow Timing                                                                     ; Off                ;      ;    ;             ;
; Ignore Clock Settings                                                                                ; Off                ;      ;    ;             ;
; Analyze latches as synchronous elements                                                              ; On                 ;      ;    ;             ;
; Enable Recovery/Removal analysis                                                                     ; Off                ;      ;    ;             ;
; Enable Clock Latency                                                                                 ; Off                ;      ;    ;             ;
; Use TimeQuest Timing Analyzer                                                                        ; Off                ;      ;    ;             ;
; Minimum Core Junction Temperature                                                                    ; 0                  ;      ;    ;             ;
; Maximum Core Junction Temperature                                                                    ; 85                 ;      ;    ;             ;
; Number of source nodes to report per destination node                                                ; 10                 ;      ;    ;             ;
; Number of destination nodes to report                                                                ; 10                 ;      ;    ;             ;
; Number of paths to report                                                                            ; 200                ;      ;    ;             ;
; Report Minimum Timing Checks                                                                         ; Off                ;      ;    ;             ;
; Use Fast Timing Models                                                                               ; Off                ;      ;    ;             ;
; Report IO Paths Separately                                                                           ; Off                ;      ;    ;             ;
; Perform Multicorner Analysis                                                                         ; On                 ;      ;    ;             ;
; Reports the worst-case path for each clock domain and analysis                                       ; Off                ;      ;    ;             ;
; Reports worst-case timing paths for each clock domain and analysis                                   ; On                 ;      ;    ;             ;
; Specifies the maximum number of worst-case timing paths to report for each clock domain and analysis ; 100                ;      ;    ;             ;
; Removes common clock path pessimism (CCPP) during slack computation                                  ; Off                ;      ;    ;             ;
; Output I/O Timing Endpoint                                                                           ; Near End           ;      ;    ;             ;
+------------------------------------------------------------------------------------------------------+--------------------+------+----+-------------+


Parallel compilation was disabled, but you have multiple processors available. Enable parallel compilation to reduce compilation time.
+-------------------------------------+
; Parallel Compilation                ;
+----------------------------+--------+
; Processors                 ; Number ;
+----------------------------+--------+
; Number detected on machine ; 4      ;
; Maximum allowed            ; 1      ;
+----------------------------+--------+


+------------------------------------------------------------------+
; tpd                                                              ;
+-------+-------------------+-----------------+--------+-----------+
; Slack ; Required P2P Time ; Actual P2P Time ; From   ; To        ;
+-------+-------------------+-----------------+--------+-----------+
; N/A   ; None              ; 13.964 ns       ; InB[4] ; Output[4] ;
; N/A   ; None              ; 13.047 ns       ; InA[4] ; Output[4] ;
; N/A   ; None              ; 12.459 ns       ; Sel    ; Output[4] ;
; N/A   ; None              ; 12.061 ns       ; InB[0] ; Output[0] ;
; N/A   ; None              ; 11.080 ns       ; InA[0] ; Output[0] ;
; N/A   ; None              ; 10.943 ns       ; InA[3] ; Output[3] ;
; N/A   ; None              ; 10.888 ns       ; Sel    ; Output[3] ;
; N/A   ; None              ; 10.777 ns       ; InB[3] ; Output[3] ;
; N/A   ; None              ; 10.651 ns       ; Sel    ; Output[0] ;
; N/A   ; None              ; 10.353 ns       ; InB[1] ; Output[1] ;
; N/A   ; None              ; 10.283 ns       ; InA[1] ; Output[1] ;
; N/A   ; None              ; 9.994 ns        ; InB[2] ; Output[2] ;
; N/A   ; None              ; 9.970 ns        ; Sel    ; Output[1] ;
; N/A   ; None              ; 9.903 ns        ; InA[2] ; Output[2] ;
; N/A   ; None              ; 9.285 ns        ; Sel    ; Output[2] ;
+-------+-------------------+-----------------+--------+-----------+


+--------------------------+
; Timing Analyzer Messages ;
+--------------------------+
Info: *******************************************************************
Info: Running Quartus II Classic Timing Analyzer
    Info: Version 9.1 Build 222 10/21/2009 SJ Web Edition
    Info: Processing started: Tue Oct 14 23:52:24 2014
Info: Command: quartus_tan --read_settings_files=off --write_settings_files=off Mux_1_2_5bit -c Mux_1_2_5bit --timing_analysis_only
Info: Longest tpd from source pin "InB[4]" to destination pin "Output[4]" is 13.964 ns
    Info: 1: + IC(0.000 ns) + CELL(0.873 ns) = 0.873 ns; Loc. = PIN_AB19; Fanout = 1; PIN Node = 'InB[4]'
    Info: 2: + IC(6.767 ns) + CELL(0.178 ns) = 7.818 ns; Loc. = LCCOMB_X1_Y11_N0; Fanout = 1; COMB Node = 'Output~4'
    Info: 3: + IC(3.150 ns) + CELL(2.996 ns) = 13.964 ns; Loc. = PIN_H10; Fanout = 0; PIN Node = 'Output[4]'
    Info: Total cell delay = 4.047 ns ( 28.98 % )
    Info: Total interconnect delay = 9.917 ns ( 71.02 % )
Info: Quartus II Classic Timing Analyzer was successful. 0 errors, 0 warnings
    Info: Peak virtual memory: 171 megabytes
    Info: Processing ended: Tue Oct 14 23:52:25 2014
    Info: Elapsed time: 00:00:01
    Info: Total CPU time (on all processors): 00:00:00


