Flow report for RAM_32_x_8bit
Wed Oct 01 15:32:56 2014
Quartus II Version 9.1 Build 222 10/21/2009 SJ Web Edition


---------------------
; Table of Contents ;
---------------------
  1. Legal Notice
  2. Flow Summary
  3. Flow Settings
  4. Flow Non-Default Global Settings
  5. Flow Elapsed Time
  6. Flow OS Summary
  7. Flow Log



----------------
; Legal Notice ;
----------------
Copyright (C) 1991-2009 Altera Corporation
Your use of Altera Corporation's design tools, logic functions 
and other software and tools, and its AMPP partner logic 
functions, and any output files from any of the foregoing 
(including device programming or simulation files), and any 
associated documentation or information are expressly subject 
to the terms and conditions of the Altera Program License 
Subscription Agreement, Altera MegaCore Function License 
Agreement, or other applicable license agreement, including, 
without limitation, that your use is for the sole purpose of 
programming logic devices manufactured by Altera and sold by 
Altera or its authorized distributors.  Please refer to the 
applicable agreement for further details.



+------------------------------------------------------------------------------+
; Flow Summary                                                                 ;
+------------------------------------+-----------------------------------------+
; Flow Status                        ; Successful - Wed Oct 01 15:32:56 2014   ;
; Quartus II Version                 ; 9.1 Build 222 10/21/2009 SJ Web Edition ;
; Revision Name                      ; RAM_32_x_8bit                           ;
; Top-level Entity Name              ; RAM_32_x_8bit                           ;
; Family                             ; Cyclone II                              ;
; Device                             ; EP2C15AF484C7                           ;
; Timing Models                      ; Final                                   ;
; Met timing requirements            ; Yes                                     ;
; Total logic elements               ; 0 / 14,448 ( 0 % )                      ;
;     Total combinational functions  ; 0 / 14,448 ( 0 % )                      ;
;     Dedicated logic registers      ; 0 / 14,448 ( 0 % )                      ;
; Total registers                    ; 0                                       ;
; Total pins                         ; 23 / 315 ( 7 % )                        ;
; Total virtual pins                 ; 0                                       ;
; Total memory bits                  ; 256 / 239,616 ( < 1 % )                 ;
; Embedded Multiplier 9-bit elements ; 0 / 52 ( 0 % )                          ;
; Total PLLs                         ; 0 / 4 ( 0 % )                           ;
+------------------------------------+-----------------------------------------+


+-----------------------------------------+
; Flow Settings                           ;
+-------------------+---------------------+
; Option            ; Setting             ;
+-------------------+---------------------+
; Start date & time ; 10/01/2014 15:32:49 ;
; Main task         ; Compilation         ;
; Revision Name     ; RAM_32_x_8bit       ;
+-------------------+---------------------+


+---------------------------------------------------------------------------------------------------------------------+
; Flow Non-Default Global Settings                                                                                    ;
+------------------------------------+---------------------------------+---------------+-------------+----------------+
; Assignment Name                    ; Value                           ; Default Value ; Entity Name ; Section Id     ;
+------------------------------------+---------------------------------+---------------+-------------+----------------+
; COMPILER_SIGNATURE_ID              ; 180419519928315.141214876902032 ; --            ; --          ; --             ;
; MAX_CORE_JUNCTION_TEMP             ; 85                              ; --            ; --          ; --             ;
; MIN_CORE_JUNCTION_TEMP             ; 0                               ; --            ; --          ; --             ;
; PARTITION_COLOR                    ; 16764057                        ; --            ; --          ; Top            ;
; PARTITION_NETLIST_TYPE             ; SOURCE                          ; --            ; --          ; Top            ;
; USE_GENERATED_PHYSICAL_CONSTRAINTS ; Off                             ; --            ; --          ; eda_blast_fpga ;
+------------------------------------+---------------------------------+---------------+-------------+----------------+


+-----------------------------------------------------------------------------------------------------------------------------+
; Flow Elapsed Time                                                                                                           ;
+-------------------------+--------------+-------------------------+---------------------+------------------------------------+
; Module Name             ; Elapsed Time ; Average Processors Used ; Peak Virtual Memory ; Total CPU Time (on all processors) ;
+-------------------------+--------------+-------------------------+---------------------+------------------------------------+
; Analysis & Synthesis    ; 00:00:01     ; 1.0                     ; 199 MB              ; 00:00:01                           ;
; Fitter                  ; 00:00:02     ; 1.0                     ; 231 MB              ; 00:00:02                           ;
; Assembler               ; 00:00:01     ; 1.0                     ; 208 MB              ; 00:00:01                           ;
; Classic Timing Analyzer ; 00:00:01     ; 1.0                     ; 144 MB              ; 00:00:00                           ;
; Total                   ; 00:00:05     ; --                      ; --                  ; 00:00:04                           ;
+-------------------------+--------------+-------------------------+---------------------+------------------------------------+


+------------------------------------------------------------------------------------------+
; Flow OS Summary                                                                          ;
+-------------------------+------------------+---------------+------------+----------------+
; Module Name             ; Machine Hostname ; OS Name       ; OS Version ; Processor type ;
+-------------------------+------------------+---------------+------------+----------------+
; Analysis & Synthesis    ; user16-PC        ; Windows Vista ; 6.1        ; i686           ;
; Fitter                  ; user16-PC        ; Windows Vista ; 6.1        ; i686           ;
; Assembler               ; user16-PC        ; Windows Vista ; 6.1        ; i686           ;
; Classic Timing Analyzer ; user16-PC        ; Windows Vista ; 6.1        ; i686           ;
+-------------------------+------------------+---------------+------------+----------------+


------------
; Flow Log ;
------------
quartus_map --read_settings_files=on --write_settings_files=off RAM_32_x_8bit -c RAM_32_x_8bit
quartus_fit --read_settings_files=off --write_settings_files=off RAM_32_x_8bit -c RAM_32_x_8bit
quartus_asm --read_settings_files=off --write_settings_files=off RAM_32_x_8bit -c RAM_32_x_8bit
quartus_tan --read_settings_files=off --write_settings_files=off RAM_32_x_8bit -c RAM_32_x_8bit --timing_analysis_only



